<?xml version="1.0" encoding="UTF-8"?>
<!-- Generated by org.testng.reporters.JUnitReportReporter -->
<testsuite skipped="0" hostname="DSCHD-PC-054" name="Runner.TestRunner" tests="2" failures="0" timestamp="15 May 2019 09:54:14 GMT" time="88.346" errors="0">
  <testcase name="runScenario" time="45.266" classname="Runner.TestRunner"/>
  <testcase name="runScenario" time="43.080" classname="Runner.TestRunner"/>
</testsuite> <!-- Runner.TestRunner -->
