<?xml version="1.0" encoding="UTF-8"?>
<!-- Generated by org.testng.reporters.JUnitReportReporter -->
<testsuite skipped="0" hostname="DSCHD-PC-054" name="Runner.TestRunner" tests="2" failures="0" timestamp="16 May 2019 09:50:15 GMT" time="92.309" errors="0">
  <testcase name="runScenario" time="45.286" classname="Runner.TestRunner"/>
  <testcase name="runScenario" time="47.023" classname="Runner.TestRunner"/>
</testsuite> <!-- Runner.TestRunner -->
