<?xml version="1.0" encoding="UTF-8"?>
<!-- Generated by org.testng.reporters.JUnitReportReporter -->
<testsuite hostname="DSCHD-PC-054" name="Runner.TestRunner" tests="1" failures="0" timestamp="27 Mar 2019 10:47:53 GMT" time="30.410" errors="0">
  <testcase name="feature" time="30.410" classname="Runner.TestRunner"/>
</testsuite> <!-- Runner.TestRunner -->
